#
# There is insufficient memory for the Java Runtime Environment to continue.
# Native memory allocation (mmap) failed to map 335544320 bytes for G1 virtual space
# Possible reasons:
#   The system is out of physical RAM or swap space
#   The process is running with CompressedOops enabled, and the Java Heap may be blocking the growth of the native heap
# Possible solutions:
#   Reduce memory load on the system
#   Increase physical memory or swap space
#   Check if swap backing store is full
#   Decrease Java heap size (-Xmx/-Xms)
#   Decrease number of Java threads
#   Decrease Java thread stack sizes (-Xss)
#   Set larger code cache with -XX:ReservedCodeCacheSize=
#   JVM is running with Zero Based Compressed Oops mode in which the Java heap is
#     placed in the first 32GB address space. The Java Heap base address is the
#     maximum limit for the native heap growth. Please use -XX:HeapBaseMinAddress
#     to set the Java Heap base and to place the Java Heap above 32GB virtual address.
# This output file may be truncated or incomplete.
#
#  Out of Memory Error (os_windows.cpp:3550), pid=1084, tid=16868
#
# JRE version:  (17.0.6+9) (build )
# Java VM: Java HotSpot(TM) 64-Bit Server VM (17.0.6+9-LTS-190, mixed mode, emulated-client, sharing, tiered, compressed oops, compressed class ptrs, g1 gc, windows-amd64)
# No core dump will be written. Minidumps are not enabled by default on client versions of Windows
#

---------------  S U M M A R Y ------------

Command Line: -XX:TieredStopAtLevel=1 -Dspring.output.ansi.enabled=always -Dcom.sun.management.jmxremote -Dspring.jmx.enabled=true -Dspring.liveBeansView.mbeanDomain -Dspring.application.admin.enabled=true -Dmanagement.endpoints.jmx.exposure.include=* -javaagent:D:\Program Files\JetBrains\IntelliJ IDEA 2023.2.2\lib\idea_rt.jar=63517:D:\Program Files\JetBrains\IntelliJ IDEA 2023.2.2\bin -Dfile.encoding=UTF-8 ma.enset.getwayservice.GetwayServiceApplication

Host: Intel(R) Core(TM) i5-8250U CPU @ 1.60GHz, 8 cores, 19G,  Windows 11 , 64 bit Build 22621 (10.0.22621.2428)
Time: Mon Oct 30 09:15:06 2023 Maroc (heure d64 bit Build 22621 (10.0.22621.2428) elapsed time: 0.016814 seconds (0d 0h 0m 0s)

---------------  T H R E A D  ---------------

Current thread (0x0000027c8b030c70):  JavaThread "Unknown thread" [_thread_in_vm, id=16868, stack(0x000000f695800000,0x000000f695900000)]

Stack: [0x000000f695800000,0x000000f695900000]
Native frames: (J=compiled Java code, j=interpreted, Vv=VM code, C=native code)
V  [jvm.dll+0x6734ea]
V  [jvm.dll+0x7d18f4]
V  [jvm.dll+0x7d309e]
V  [jvm.dll+0x7d3703]
V  [jvm.dll+0x2433c5]
V  [jvm.dll+0x6703f9]
V  [jvm.dll+0x664d32]
V  [jvm.dll+0x300086]
V  [jvm.dll+0x307606]
V  [jvm.dll+0x356c1e]
V  [jvm.dll+0x356e4f]
V  [jvm.dll+0x2d72e8]
V  [jvm.dll+0x2d8254]
V  [jvm.dll+0x7a33b1]
V  [jvm.dll+0x3647f1]
V  [jvm.dll+0x782839]
V  [jvm.dll+0x3e757f]
V  [jvm.dll+0x3e9001]
C  [jli.dll+0x5297]
C  [ucrtbase.dll+0x29363]
C  [KERNEL32.DLL+0x1257d]
C  [ntdll.dll+0x5aa78]


---------------  P R O C E S S  ---------------

Threads class SMR info:
_java_thread_list=0x00007ff91577e958, length=0, elements={
}

Java Threads: ( => current thread )

Other Threads:
  0x0000027c8b0a7f70 GCTaskThread "GC Thread#0" [stack: 0x000000f695900000,0x000000f695a00000] [id=7828]
  0x0000027c8b0b2db0 ConcurrentGCThread "G1 Main Marker" [stack: 0x000000f695a00000,0x000000f695b00000] [id=16908]
  0x0000027c8b0b4f70 ConcurrentGCThread "G1 Conc#0" [stack: 0x000000f695b00000,0x000000f695c00000] [id=15744]

[error occurred during error reporting (printing all threads), id 0xc0000005, EXCEPTION_ACCESS_VIOLATION (0xc0000005) at pc=0x00007ff914fb7f07]

VM state: not at safepoint (not fully initialized)

VM Mutex/Monitor currently owned by a thread:  ([mutex/lock_event])
[0x0000027c8b02bf60] Heap_lock - owner thread: 0x0000027c8b030c70

Heap address: 0x00000006c2000000, size: 5088 MB, Compressed Oops mode: Zero based, Oop shift amount: 3

CDS archive(s) mapped at: [0x0000000000000000-0x0000000000000000-0x0000000000000000), size 0, SharedBaseAddress: 0x0000000800000000, ArchiveRelocationMode: 0.
Narrow klass base: 0x0000000000000000, Narrow klass shift: 0, Narrow klass range: 0x0

GC Precious Log:
<Empty>

Heap:
 garbage-first heap   total 0K, used 0K [0x00000006c2000000, 0x0000000800000000)
  region size 4096K, 0 young (0K), 0 survivors (0K)

[error occurred during error reporting (printing heap information), id 0xc0000005, EXCEPTION_ACCESS_VIOLATION (0xc0000005) at pc=0x00007ff91539c759]

GC Heap History (0 events):
No events

Deoptimization events (0 events):
No events

Classes unloaded (0 events):
No events

Classes redefined (0 events):
No events

Internal exceptions (0 events):
No events

VM Operations (0 events):
No events

Events (1 events):
Event: 0.012 Loaded shared library C:\Program Files\Java\jdk-17\bin\java.dll


Dynamic libraries:
0x00007ff649ee0000 - 0x00007ff649ef0000 	C:\Program Files\Java\jdk-17\bin\java.exe
0x00007ff9a1930000 - 0x00007ff9a1b47000 	C:\Windows\SYSTEM32\ntdll.dll
0x00007ff9a0800000 - 0x00007ff9a08c4000 	C:\Windows\System32\KERNEL32.DLL
0x00007ff99f2e0000 - 0x00007ff99f686000 	C:\Windows\System32\KERNELBASE.dll
0x00007ff99edd0000 - 0x00007ff99eee1000 	C:\Windows\System32\ucrtbase.dll
0x00007ff967180000 - 0x00007ff967198000 	C:\Program Files\Java\jdk-17\bin\jli.dll
0x00007ff9671a0000 - 0x00007ff9671bb000 	C:\Program Files\Java\jdk-17\bin\VCRUNTIME140.dll
0x00007ff9a1320000 - 0x00007ff9a13d0000 	C:\Windows\System32\ADVAPI32.dll
0x00007ff99f690000 - 0x00007ff99f737000 	C:\Windows\System32\msvcrt.dll
0x00007ff9a08d0000 - 0x00007ff9a0976000 	C:\Windows\System32\sechost.dll
0x00007ff9a1200000 - 0x00007ff9a1317000 	C:\Windows\System32\RPCRT4.dll
0x00007ff9a0070000 - 0x00007ff9a021d000 	C:\Windows\System32\USER32.dll
0x00007ff98d620000 - 0x00007ff98d8b3000 	C:\Windows\WinSxS\amd64_microsoft.windows.common-controls_6595b64144ccf1df_6.0.22621.2361_none_2712ced57382f843\COMCTL32.dll
0x00007ff99f0e0000 - 0x00007ff99f106000 	C:\Windows\System32\win32u.dll
0x00007ff9a0220000 - 0x00007ff9a0249000 	C:\Windows\System32\GDI32.dll
0x00007ff99ecb0000 - 0x00007ff99edc8000 	C:\Windows\System32\gdi32full.dll
0x00007ff99f1d0000 - 0x00007ff99f26a000 	C:\Windows\System32\msvcp_win.dll
0x00007ff998170000 - 0x00007ff99817a000 	C:\Windows\SYSTEM32\VERSION.dll
0x00007ff9a1850000 - 0x00007ff9a1881000 	C:\Windows\System32\IMM32.DLL
0x00007ff967170000 - 0x00007ff96717c000 	C:\Program Files\Java\jdk-17\bin\vcruntime140_1.dll
0x00007ff916e70000 - 0x00007ff916efe000 	C:\Program Files\Java\jdk-17\bin\msvcp140.dll
0x00007ff914cd0000 - 0x00007ff9158a7000 	C:\Program Files\Java\jdk-17\bin\server\jvm.dll
0x00007ff9a11f0000 - 0x00007ff9a11f8000 	C:\Windows\System32\PSAPI.DLL
0x00007ff987110000 - 0x00007ff987119000 	C:\Windows\SYSTEM32\WSOCK32.dll
0x00007ff997b70000 - 0x00007ff997ba4000 	C:\Windows\SYSTEM32\WINMM.dll
0x00007ff99f740000 - 0x00007ff99f7b1000 	C:\Windows\System32\WS2_32.dll
0x00007ff99dd40000 - 0x00007ff99dd58000 	C:\Windows\SYSTEM32\kernel.appcore.dll
0x00007ff916f60000 - 0x00007ff916f6a000 	C:\Program Files\Java\jdk-17\bin\jimage.dll
0x00007ff98a290000 - 0x00007ff98a4be000 	C:\Windows\SYSTEM32\DBGHELP.DLL
0x00007ff9a09b0000 - 0x00007ff9a0d3a000 	C:\Windows\System32\combase.dll
0x00007ff9a06b0000 - 0x00007ff9a0787000 	C:\Windows\System32\OLEAUT32.dll
0x00007ff989d50000 - 0x00007ff989d82000 	C:\Windows\SYSTEM32\dbgcore.DLL
0x00007ff99eef0000 - 0x00007ff99ef6a000 	C:\Windows\System32\bcryptPrimitives.dll
0x00007ff976e30000 - 0x00007ff976e3e000 	C:\Program Files\Java\jdk-17\bin\instrument.dll
0x00007ff916f30000 - 0x00007ff916f55000 	C:\Program Files\Java\jdk-17\bin\java.dll

dbghelp: loaded successfully - version: 4.0.5 - missing functions: none
symbol engine: initialized successfully - sym options: 0x614 - pdb path: .;C:\Program Files\Java\jdk-17\bin;C:\Windows\SYSTEM32;C:\Windows\WinSxS\amd64_microsoft.windows.common-controls_6595b64144ccf1df_6.0.22621.2361_none_2712ced57382f843;C:\Program Files\Java\jdk-17\bin\server

VM Arguments:
jvm_args: -XX:TieredStopAtLevel=1 -Dspring.output.ansi.enabled=always -Dcom.sun.management.jmxremote -Dspring.jmx.enabled=true -Dspring.liveBeansView.mbeanDomain -Dspring.application.admin.enabled=true -Dmanagement.endpoints.jmx.exposure.include=* -javaagent:D:\Program Files\JetBrains\IntelliJ IDEA 2023.2.2\lib\idea_rt.jar=63517:D:\Program Files\JetBrains\IntelliJ IDEA 2023.2.2\bin -Dfile.encoding=UTF-8 
java_command: ma.enset.getwayservice.GetwayServiceApplication
java_class_path (initial): C:\Users\najwa\OneDrive\Desktop\Najwa-ZRAIDI-enset-adria-test\gateway-service\target\classes;C:\Users\najwa\.m2\repository\org\springframework\boot\spring-boot-starter-actuator\3.1.5\spring-boot-starter-actuator-3.1.5.jar;C:\Users\najwa\.m2\repository\org\springframework\boot\spring-boot-starter\3.1.5\spring-boot-starter-3.1.5.jar;C:\Users\najwa\.m2\repository\org\springframework\boot\spring-boot\3.1.5\spring-boot-3.1.5.jar;C:\Users\najwa\.m2\repository\org\springframework\spring-context\6.0.13\spring-context-6.0.13.jar;C:\Users\najwa\.m2\repository\org\springframework\spring-aop\6.0.13\spring-aop-6.0.13.jar;C:\Users\najwa\.m2\repository\org\springframework\spring-expression\6.0.13\spring-expression-6.0.13.jar;C:\Users\najwa\.m2\repository\org\springframework\boot\spring-boot-autoconfigure\3.1.5\spring-boot-autoconfigure-3.1.5.jar;C:\Users\najwa\.m2\repository\org\springframework\boot\spring-boot-starter-logging\3.1.5\spring-boot-starter-logging-3.1.5.jar;C:\Users\najwa\.m2\repository\ch\qos\logback\logback-classic\1.4.11\logback-classic-1.4.11.jar;C:\Users\najwa\.m2\repository\ch\qos\logback\logback-core\1.4.11\logback-core-1.4.11.jar;C:\Users\najwa\.m2\repository\org\apache\logging\log4j\log4j-to-slf4j\2.20.0\log4j-to-slf4j-2.20.0.jar;C:\Users\najwa\.m2\repository\org\apache\logging\log4j\log4j-api\2.20.0\log4j-api-2.20.0.jar;C:\Users\najwa\.m2\repository\org\slf4j\jul-to-slf4j\2.0.9\jul-to-slf4j-2.0.9.jar;C:\Users\najwa\.m2\repository\jakarta\annotation\jakarta.annotation-api\2.1.1\jakarta.annotation-api-2.1.1.jar;C:\Users\najwa\.m2\repository\org\yaml\snakeyaml\1.33\snakeyaml-1.33.jar;C:\Users\najwa\.m2\repository\org\springframework\boot\spring-boot-actuator-autoconfigure\3.1.5\spring-boot-actuator-autoconfigure-3.1.5.jar;C:\Users\najwa\.m2\repository\org\springframework\boot\spring-boot-actuator\3.1.5\spring-boot-actuator-3.1.5.jar;C:\Users\najwa\.m2\repository\com\fasterxml\jackson\core\jackson-databind\2.15.3\jackson-databind-2.1
Launcher Type: SUN_STANDARD

[Global flags]
     intx CICompilerCount                          = 4                                         {product} {ergonomic}
     uint ConcGCThreads                            = 2                                         {product} {ergonomic}
     uint G1ConcRefinementThreads                  = 8                                         {product} {ergonomic}
   size_t G1HeapRegionSize                         = 4194304                                   {product} {ergonomic}
    uintx GCDrainStackTargetSize                   = 64                                        {product} {ergonomic}
   size_t InitialHeapSize                          = 335544320                                 {product} {ergonomic}
     bool ManagementServer                         = true                                      {product} {command line}
   size_t MarkStackSize                            = 4194304                                   {product} {ergonomic}
   size_t MaxHeapSize                              = 5335154688                                {product} {ergonomic}
   size_t MinHeapDeltaBytes                        = 4194304                                   {product} {ergonomic}
   size_t MinHeapSize                              = 8388608                                   {product} {ergonomic}
    uintx NonProfiledCodeHeapSize                  = 0                                      {pd product} {ergonomic}
     bool ProfileInterpreter                       = false                                  {pd product} {command line}
    uintx ProfiledCodeHeapSize                     = 0                                      {pd product} {ergonomic}
   size_t SoftMaxHeapSize                          = 5335154688                             {manageable} {ergonomic}
     intx TieredStopAtLevel                        = 1                                         {product} {command line}
     bool UseCompressedClassPointers               = true                           {product lp64_product} {ergonomic}
     bool UseCompressedOops                        = true                           {product lp64_product} {ergonomic}
     bool UseG1GC                                  = true                                      {product} {ergonomic}
     bool UseLargePagesIndividualAllocation        = false                                  {pd product} {ergonomic}

Logging:
Log output configuration:
 #0: stdout all=warning uptime,level,tags
 #1: stderr all=off uptime,level,tags

Environment Variables:
PATH=C:\Python311\Scripts\;C:\Python311\;D:\Oracle\bin;C:\Program Files\Common Files\Oracle\Java\javapath;C:\Program Files (x86)\Common Files\Oracle\Java\javapath;C:\Windows\system32;C:\Windows;C:\Windows\System32\Wbem;C:\Windows\System32\WindowsPowerShell\v1.0\;C:\Windows\System32\OpenSSH\;C:\ProgramData\chocolatey\bin;C:\Program Files\Java\jdk1.8.0_361\bin;C:\Program Files\Java\jdk-17\bin;C:\Program Files\nodejs\;C:\Program Files\Git\cmd;C:\Users\najwa\AppData\Local\Microsoft\WindowsApps;C:\Users\najwa\AppData\Local\Programs\Microsoft VS Code\bin;D:\Program Files\JetBrains\IntelliJ IDEA 2023.2.2\bin;;D:\apache-maven-3.9.0\bin;C:\Users\najwa\AppData\Roaming\npm
USERNAME=najwa
OS=Windows_NT
PROCESSOR_IDENTIFIER=Intel64 Family 6 Model 142 Stepping 10, GenuineIntel



---------------  S Y S T E M  ---------------

OS:
 Windows 11 , 64 bit Build 22621 (10.0.22621.2428)
OS uptime: 0 days 17:24 hours
Hyper-V role detected

CPU: total 8 (initial active 8) (4 cores per cpu, 2 threads per core) family 6 model 142 stepping 10 microcode 0xe0, cx8, cmov, fxsr, ht, mmx, 3dnowpref, sse, sse2, sse3, ssse3, sse4.1, sse4.2, popcnt, lzcnt, tsc, tscinvbit, avx, avx2, aes, erms, clmul, bmi1, bmi2, adx, fma, vzeroupper, clflush, clflushopt, hv

Memory: 4k page, system-wide physical 20346M (7445M free)
TotalPageFile size 22394M (AvailPageFile size 227M)
current process WorkingSet (physical memory assigned to process): 11M, peak: 11M
current process commit charge ("private bytes"): 55M, peak: 375M

vm_info: Java HotSpot(TM) 64-Bit Server VM (17.0.6+9-LTS-190) for windows-amd64 JRE (17.0.6+9-LTS-190), built on Dec  6 2022 15:53:54 by "mach5one" with MS VC++ 17.1 (VS2022)

END.
